////////////////////////////////////////////////////////////////
    Date: 06.01.2013 13:26:27
Assembly: TomShane.Neoforce.Controls.dll
 Version: 0.7.2407.1915
 Message: Ќе удалось найти часть пути "D:\”чЄба\ урс5\ѕ—ћѕ\Term paper\SpaceControl\SpaceControl\SpaceControl\bin\x86\Debug\Content\Skins\Default.skin".
////////////////////////////////////////////////////////////////
   в System.IO.__Error.WinIOError(Int32 errorCode, String maybeFullPath)
   в System.IO.FileStream.Init(String path, FileMode mode, FileAccess access, Int32 rights, Boolean useRights, FileShare share, Int32 bufferSize, FileOptions options, SECURITY_ATTRIBUTES secAttrs, String msgPath, Boolean bFromProxy, Boolean useLongPath, Boolean checkHost)
   в System.IO.FileStream..ctor(String path, FileMode mode, FileAccess access, FileShare share)
   в TomShane.Neoforce.External.Zip.ZipFile.Read(String zipfilename, Boolean TurnOnDebug)
   в TomShane.Neoforce.Controls.ArchiveManager..ctor(IServiceProvider serviceProvider, String archive)
   в TomShane.Neoforce.Controls.Skin..ctor(Manager manager, String name)
   в TomShane.Neoforce.Controls.Manager.SetSkin(String name)
   в TomShane.Neoforce.Controls.Manager.Initialize()
   в SpaceControl.Game1.Initialize() в D:\”чЄба\ урс5\ѕ—ћѕ\Term paper\SpaceControl\SpaceControl\SpaceControl\Game1.cs:строка 65
   в Microsoft.Xna.Framework.Game.RunGame(Boolean useBlockingRun)
   в Microsoft.Xna.Framework.Game.Run()
   в SpaceControl.Program.Main(String[] args) в D:\”чЄба\ урс5\ѕ—ћѕ\Term paper\SpaceControl\SpaceControl\SpaceControl\Program.cs:строка 15
////////////////////////////////////////////////////////////////

////////////////////////////////////////////////////////////////
    Date: 06.01.2013 13:26:41
Assembly: TomShane.Neoforce.Controls.dll
 Version: 0.7.2407.1915
 Message: Ќе удалось найти часть пути "D:\”чЄба\ урс5\ѕ—ћѕ\Term paper\SpaceControl\SpaceControl\SpaceControl\bin\x86\Debug\Content\Skins\Default.skin".
////////////////////////////////////////////////////////////////
   в System.IO.__Error.WinIOError(Int32 errorCode, String maybeFullPath)
   в System.IO.FileStream.Init(String path, FileMode mode, FileAccess access, Int32 rights, Boolean useRights, FileShare share, Int32 bufferSize, FileOptions options, SECURITY_ATTRIBUTES secAttrs, String msgPath, Boolean bFromProxy, Boolean useLongPath, Boolean checkHost)
   в System.IO.FileStream..ctor(String path, FileMode mode, FileAccess access, FileShare share)
   в TomShane.Neoforce.External.Zip.ZipFile.Read(String zipfilename, Boolean TurnOnDebug)
   в TomShane.Neoforce.Controls.ArchiveManager..ctor(IServiceProvider serviceProvider, String archive)
   в TomShane.Neoforce.Controls.Skin..ctor(Manager manager, String name)
   в TomShane.Neoforce.Controls.Manager.SetSkin(String name)
   в TomShane.Neoforce.Controls.Manager.Initialize()
   в SpaceControl.Game1.Initialize() в D:\”чЄба\ урс5\ѕ—ћѕ\Term paper\SpaceControl\SpaceControl\SpaceControl\Game1.cs:строка 65
   в Microsoft.Xna.Framework.Game.RunGame(Boolean useBlockingRun)
   в Microsoft.Xna.Framework.Game.Run()
   в SpaceControl.Program.Main(String[] args) в D:\”чЄба\ урс5\ѕ—ћѕ\Term paper\SpaceControl\SpaceControl\SpaceControl\Program.cs:строка 15
////////////////////////////////////////////////////////////////

////////////////////////////////////////////////////////////////
    Date: 06.01.2013 13:28:04
Assembly: TomShane.Neoforce.Controls.dll
 Version: 0.7.2407.1915
 Message: Ќе удалось найти часть пути "D:\”чЄба\ урс5\ѕ—ћѕ\Term paper\SpaceControl\SpaceControl\SpaceControl\bin\x86\Debug\Content\Skins\Default.skin".
////////////////////////////////////////////////////////////////
   в System.IO.__Error.WinIOError(Int32 errorCode, String maybeFullPath)
   в System.IO.FileStream.Init(String path, FileMode mode, FileAccess access, Int32 rights, Boolean useRights, FileShare share, Int32 bufferSize, FileOptions options, SECURITY_ATTRIBUTES secAttrs, String msgPath, Boolean bFromProxy, Boolean useLongPath, Boolean checkHost)
   в System.IO.FileStream..ctor(String path, FileMode mode, FileAccess access, FileShare share)
   в System.IO.File.OpenRead(String path)
   в TomShane.Neoforce.External.Zip.ZipFile.get_ReadStream()
   в TomShane.Neoforce.External.Zip.ZipFile.Read(String zipfilename, Boolean TurnOnDebug)
   в TomShane.Neoforce.External.Zip.ZipFile.Read(String zipfilename)
   в TomShane.Neoforce.Controls.ArchiveManager..ctor(IServiceProvider serviceProvider, String archive)
   в TomShane.Neoforce.Controls.Skin..ctor(Manager manager, String name)
   в TomShane.Neoforce.Controls.Manager.SetSkin(String name)
   в TomShane.Neoforce.Controls.Manager.Initialize()
   в SpaceControl.Game1.Initialize() в D:\”чЄба\ урс5\ѕ—ћѕ\Term paper\SpaceControl\SpaceControl\SpaceControl\Game1.cs:строка 65
   в Microsoft.Xna.Framework.Game.RunGame(Boolean useBlockingRun)
   в Microsoft.Xna.Framework.Game.Run()
   в SpaceControl.Program.Main(String[] args) в D:\”чЄба\ урс5\ѕ—ћѕ\Term paper\SpaceControl\SpaceControl\SpaceControl\Program.cs:строка 15
////////////////////////////////////////////////////////////////

////////////////////////////////////////////////////////////////
    Date: 06.01.2013 13:29:23
Assembly: TomShane.Neoforce.Controls.dll
 Version: 0.7.2407.1915
 Message: Nesting more than one SpriteBatch.Begin when using a SpriteBatch with SpriteSortMode.Immediate is not allowed.
////////////////////////////////////////////////////////////////
   в Microsoft.Xna.Framework.Graphics.SpriteBatch.Begin(SpriteSortMode sortMode, BlendState blendState, SamplerState samplerState, DepthStencilState depthStencilState, RasterizerState rasterizerState, Effect effect, Matrix transformMatrix)
   в Microsoft.Xna.Framework.Graphics.SpriteBatch.Begin(SpriteSortMode sortMode, BlendState blendState, SamplerState samplerState, DepthStencilState depthStencilState, RasterizerState rasterizerState)
   в TomShane.Neoforce.Controls.Renderer.Begin(BlendingMode mode)
   в TomShane.Neoforce.Controls.Control.DrawControls(Renderer renderer, Rectangle rect, GameTime gameTime, Boolean firstDetach)
   в TomShane.Neoforce.Controls.Control.PrepareTexture(Renderer renderer, GameTime gameTime)
   в TomShane.Neoforce.Controls.Manager.Draw(GameTime gameTime)
   в SpaceControl.Game1.Draw(GameTime gameTime) в D:\”чЄба\ урс5\ѕ—ћѕ\Term paper\SpaceControl\SpaceControl\SpaceControl\Game1.cs:строка 159
   в Microsoft.Xna.Framework.Game.DrawFrame()
   в Microsoft.Xna.Framework.Game.Tick()
   в Microsoft.Xna.Framework.Game.HostIdle(Object sender, EventArgs e)
   в Microsoft.Xna.Framework.GameHost.OnIdle()
   в Microsoft.Xna.Framework.WindowsGameHost.RunOneFrame()
   в Microsoft.Xna.Framework.WindowsGameHost.ApplicationIdle(Object sender, EventArgs e)
   в System.Windows.Forms.Application.ThreadContext.System.Windows.Forms.UnsafeNativeMethods.IMsoComponent.FDoIdle(Int32 grfidlef)
   в System.Windows.Forms.Application.ComponentManager.System.Windows.Forms.UnsafeNativeMethods.IMsoComponentManager.FPushMessageLoop(IntPtr dwComponentID, Int32 reason, Int32 pvLoopData)
   в System.Windows.Forms.Application.ThreadContext.RunMessageLoopInner(Int32 reason, ApplicationContext context)
   в System.Windows.Forms.Application.ThreadContext.RunMessageLoop(Int32 reason, ApplicationContext context)
   в System.Windows.Forms.Application.Run(Form mainForm)
   в Microsoft.Xna.Framework.WindowsGameHost.Run()
   в Microsoft.Xna.Framework.Game.RunGame(Boolean useBlockingRun)
   в Microsoft.Xna.Framework.Game.Run()
   в SpaceControl.Program.Main(String[] args) в D:\”чЄба\ урс5\ѕ—ћѕ\Term paper\SpaceControl\SpaceControl\SpaceControl\Program.cs:строка 15
////////////////////////////////////////////////////////////////

////////////////////////////////////////////////////////////////
    Date: 06.01.2013 13:29:45
Assembly: TomShane.Neoforce.Controls.dll
 Version: 0.7.2407.1915
 Message: Nesting more than one SpriteBatch.Begin when using a SpriteBatch with SpriteSortMode.Immediate is not allowed.
////////////////////////////////////////////////////////////////
   в Microsoft.Xna.Framework.Graphics.SpriteBatch.Begin(SpriteSortMode sortMode, BlendState blendState, SamplerState samplerState, DepthStencilState depthStencilState, RasterizerState rasterizerState, Effect effect, Matrix transformMatrix)
   в Microsoft.Xna.Framework.Graphics.SpriteBatch.Begin(SpriteSortMode sortMode, BlendState blendState, SamplerState samplerState, DepthStencilState depthStencilState, RasterizerState rasterizerState)
   в TomShane.Neoforce.Controls.Renderer.Begin(BlendingMode mode)
   в TomShane.Neoforce.Controls.Control.DrawControls(Renderer renderer, Rectangle rect, GameTime gameTime, Boolean firstDetach)
   в TomShane.Neoforce.Controls.Control.PrepareTexture(Renderer renderer, GameTime gameTime)
   в TomShane.Neoforce.Controls.Manager.Draw(GameTime gameTime)
   в SpaceControl.Game1.Draw(GameTime gameTime) в D:\”чЄба\ урс5\ѕ—ћѕ\Term paper\SpaceControl\SpaceControl\SpaceControl\Game1.cs:строка 159
   в Microsoft.Xna.Framework.Game.DrawFrame()
   в Microsoft.Xna.Framework.Game.Tick()
   в Microsoft.Xna.Framework.Game.HostIdle(Object sender, EventArgs e)
   в Microsoft.Xna.Framework.GameHost.OnIdle()
   в Microsoft.Xna.Framework.WindowsGameHost.RunOneFrame()
   в Microsoft.Xna.Framework.WindowsGameHost.ApplicationIdle(Object sender, EventArgs e)
   в System.Windows.Forms.Application.ThreadContext.System.Windows.Forms.UnsafeNativeMethods.IMsoComponent.FDoIdle(Int32 grfidlef)
   в System.Windows.Forms.Application.ComponentManager.System.Windows.Forms.UnsafeNativeMethods.IMsoComponentManager.FPushMessageLoop(IntPtr dwComponentID, Int32 reason, Int32 pvLoopData)
   в System.Windows.Forms.Application.ThreadContext.RunMessageLoopInner(Int32 reason, ApplicationContext context)
   в System.Windows.Forms.Application.ThreadContext.RunMessageLoop(Int32 reason, ApplicationContext context)
   в System.Windows.Forms.Application.Run(Form mainForm)
   в Microsoft.Xna.Framework.WindowsGameHost.Run()
   в Microsoft.Xna.Framework.Game.RunGame(Boolean useBlockingRun)
   в Microsoft.Xna.Framework.Game.Run()
   в SpaceControl.Program.Main(String[] args) в D:\”чЄба\ урс5\ѕ—ћѕ\Term paper\SpaceControl\SpaceControl\SpaceControl\Program.cs:строка 15
////////////////////////////////////////////////////////////////

